[2025-01-24 18:44:10,400: INFO: main: Welcome]
[2025-01-26 22:53:04,350: INFO: main: >>>>>> stage Data Ingestion stage started <<<<<<]
[2025-01-26 22:53:04,354: INFO: common: yaml file: config/config.yaml loaded successfully]
[2025-01-26 22:53:04,355: INFO: common: yaml file: params.yaml loaded successfully]
[2025-01-26 22:53:04,355: INFO: common: created directory at: artifacts]
[2025-01-26 22:53:04,356: INFO: common: created directory at: artifacts/data_ingestion]
[2025-01-26 22:53:04,356: INFO: data_ingestion: Downloading data from https://drive.google.com/file/d/1LURn9pvOaJjuBA9Oi6tx40bTkaYrlrHQ/view?usp=sharing into file artifacts/data_ingestion/data.zip]
[2025-01-26 22:53:46,490: INFO: data_ingestion: Downloaded data from https://drive.google.com/file/d/1LURn9pvOaJjuBA9Oi6tx40bTkaYrlrHQ/view?usp=sharing into file artifacts/data_ingestion/data.zip]
[2025-01-26 22:53:47,436: INFO: main: >>>>>> stage Data Ingestion stage completed <<<<<<

x==========x]
[2025-01-27 00:49:35,680: INFO: common: yaml file: config/config.yaml loaded successfully]
[2025-01-27 00:49:35,687: INFO: common: yaml file: params.yaml loaded successfully]
[2025-01-27 00:49:35,690: INFO: common: created directory at: artifacts]
[2025-01-27 00:49:35,693: INFO: common: created directory at: artifacts/prepare_base_model]
[2025-01-27 00:49:46,791: WARNING: saving_utils: Compiled the loaded model, but the compiled metrics have yet to be built. `model.compile_metrics` will be empty until you train or evaluate the model.]
[2025-01-27 03:20:07,859: INFO: main: >>>>>> stage Data Ingestion stage started <<<<<<]
[2025-01-27 03:20:07,861: INFO: common: yaml file: config/config.yaml loaded successfully]
[2025-01-27 03:20:07,862: INFO: common: yaml file: params.yaml loaded successfully]
[2025-01-27 03:20:07,863: INFO: common: created directory at: artifacts]
[2025-01-27 03:20:07,863: INFO: common: created directory at: artifacts/data_ingestion]
[2025-01-27 03:20:07,863: INFO: data_ingestion: Downloading data from https://drive.google.com/file/d/1LURn9pvOaJjuBA9Oi6tx40bTkaYrlrHQ/view?usp=sharing into file artifacts/data_ingestion/data.zip]
[2025-01-27 03:20:30,907: INFO: data_ingestion: Downloaded data from https://drive.google.com/file/d/1LURn9pvOaJjuBA9Oi6tx40bTkaYrlrHQ/view?usp=sharing into file artifacts/data_ingestion/data.zip]
[2025-01-27 03:20:31,370: INFO: main: >>>>>> stage Data Ingestion stage completed <<<<<<

x==========x]
[2025-01-27 03:20:31,370: INFO: main: *******************]
[2025-01-27 03:20:31,370: INFO: main: >>>>>> stage Prepare base model started <<<<<<]
[2025-01-27 03:20:31,370: ERROR: main: name 'PrepareBaseModelTrainingPipeline' is not defined]
Traceback (most recent call last):
  File "main.py", line 28, in <module>
    prepare_base_model = PrepareBaseModelTrainingPipeline()
NameError: name 'PrepareBaseModelTrainingPipeline' is not defined
[2025-01-27 03:21:07,052: INFO: main: >>>>>> stage Data Ingestion stage started <<<<<<]
[2025-01-27 03:21:07,054: INFO: common: yaml file: config/config.yaml loaded successfully]
[2025-01-27 03:21:07,055: INFO: common: yaml file: params.yaml loaded successfully]
[2025-01-27 03:21:07,056: INFO: common: created directory at: artifacts]
[2025-01-27 03:21:07,056: INFO: common: created directory at: artifacts/data_ingestion]
[2025-01-27 03:21:07,056: INFO: data_ingestion: Downloading data from https://drive.google.com/file/d/1LURn9pvOaJjuBA9Oi6tx40bTkaYrlrHQ/view?usp=sharing into file artifacts/data_ingestion/data.zip]
[2025-01-27 03:21:22,405: INFO: data_ingestion: Downloaded data from https://drive.google.com/file/d/1LURn9pvOaJjuBA9Oi6tx40bTkaYrlrHQ/view?usp=sharing into file artifacts/data_ingestion/data.zip]
[2025-01-27 03:21:22,857: INFO: main: >>>>>> stage Data Ingestion stage completed <<<<<<

x==========x]
[2025-01-27 03:21:22,857: INFO: main: *******************]
[2025-01-27 03:21:22,857: INFO: main: >>>>>> stage Prepare base model started <<<<<<]
[2025-01-27 03:21:22,859: INFO: common: yaml file: config/config.yaml loaded successfully]
[2025-01-27 03:21:22,861: INFO: common: yaml file: params.yaml loaded successfully]
[2025-01-27 03:21:22,861: INFO: common: created directory at: artifacts]
[2025-01-27 03:21:22,861: INFO: common: created directory at: artifacts/prepare_base_model]
[2025-01-27 03:21:23,455: WARNING: saving_utils: Compiled the loaded model, but the compiled metrics have yet to be built. `model.compile_metrics` will be empty until you train or evaluate the model.]
[2025-01-27 03:21:23,848: INFO: main: >>>>>> stage Prepare base model completed <<<<<<

x==========x]
